{"target": 0.0, "params": {"bs_r": 52.93933446389637, "lr_r": 5.842604552742856, "m": 0.9294760529101643}, "datetime": {"datetime": "2023-04-04 22:51:16", "elapsed": 0.0, "delta": 0.0}}
{"target": 0.0, "params": {"bs_r": 40.486163965212164, "lr_r": 1.7885182812055938, "m": 0.8910420317796154}, "datetime": {"datetime": "2023-04-05 06:57:17", "elapsed": 29161.146139, "delta": 29161.146139}}
{"target": 0.0, "params": {"bs_r": 14.76039799716964, "lr_r": 1.6879046580695023, "m": 0.9493848255756673}, "datetime": {"datetime": "2023-04-05 12:37:23", "elapsed": 49566.996268, "delta": 20405.850129}}
{"target": 0.0, "params": {"bs_r": 42.536427128715204, "lr_r": 6.573042180526041, "m": 0.9393136314202466}, "datetime": {"datetime": "2023-04-05 22:52:53", "elapsed": 86496.963815, "delta": 36929.967547}}
{"target": 8.22, "params": {"bs_r": 59.288821572862034, "lr_r": 3.416135631505863, "m": 0.8956758332470326}, "datetime": {"datetime": "2023-04-06 12:40:29", "elapsed": 136153.66283, "delta": 49656.699015}}
{"target": 6.83, "params": {"bs_r": 17.477032221763658, "lr_r": 4.260309276815349, "m": 0.8655003566994804}, "datetime": {"datetime": "2023-04-06 23:26:40", "elapsed": 174924.348409, "delta": 38770.685579}}
{"target": 13.99, "params": {"bs_r": 36.50677416086139, "lr_r": 3.6853276419863246, "m": 0.9246745185965357}, "datetime": {"datetime": "2023-04-07 11:34:24", "elapsed": 218588.542062, "delta": 43664.193653}}
{"target": 0.05, "params": {"bs_r": 8.036498782938594, "lr_r": 5.975008797152598, "m": 0.9395906232039436}, "datetime": {"datetime": "2023-04-07 23:31:16", "elapsed": 261600.034344, "delta": 43011.492282}}
{"target": 3.6, "params": {"bs_r": 49.88427863656608, "lr_r": 2.1890902349842367, "m": 0.927806336587841}, "datetime": {"datetime": "2023-04-08 12:34:04", "elapsed": 308568.601323, "delta": 46968.566979}}
{"target": 0.18, "params": {"bs_r": 4.736999424985358, "lr_r": 5.444183694993529, "m": 0.9044597963064483}, "datetime": {"datetime": "2023-04-09 02:22:39", "elapsed": 358283.11323, "delta": 49714.511907}}
{"target": 15.76, "params": {"bs_r": 46.75256520219679, "lr_r": 3.338567285005322, "m": 0.9344007369957045}, "datetime": {"datetime": "2023-04-09 15:27:39", "elapsed": 405382.857656, "delta": 47099.744426}}
{"target": 0.0, "params": {"bs_r": 14.874376156725983, "lr_r": 2.097166063259876, "m": 0.8837468397705057}, "datetime": {"datetime": "2023-04-10 02:24:20", "elapsed": 444784.701552, "delta": 39401.843896}}
{"target": 0.11, "params": {"bs_r": 20.724359847094057, "lr_r": 5.117017844162333, "m": 0.8578467737213015}, "datetime": {"datetime": "2023-04-10 13:35:07", "elapsed": 485031.239638, "delta": 40246.538086}}
{"target": 0.0, "params": {"bs_r": 26.109012640661444, "lr_r": 6.43982184234258, "m": 0.9336558043214109}, "datetime": {"datetime": "2023-04-11 00:51:41", "elapsed": 525625.240742, "delta": 40594.001104}}
{"target": 0.2, "params": {"bs_r": 46.41066568461966, "lr_r": 4.9076616818178795, "m": 0.8666789055650324}, "datetime": {"datetime": "2023-04-11 13:55:26", "elapsed": 572649.863594, "delta": 47024.622852}}
{"target": 5.93, "params": {"bs_r": 19.162993379156717, "lr_r": 4.3630888262334695, "m": 0.8770987619230743}, "datetime": {"datetime": "2023-04-12 00:57:09", "elapsed": 612353.389727, "delta": 39703.526133}}
{"target": 6.16, "params": {"bs_r": 58.11707661149591, "lr_r": 3.8643030535855196, "m": 0.8757163831460721}, "datetime": {"datetime": "2023-04-12 14:51:16", "elapsed": 662399.912498, "delta": 50046.522771}}
{"target": 5.88, "params": {"bs_r": 35.64123861795802, "lr_r": 4.138150802904135, "m": 0.8638693259351304}, "datetime": {"datetime": "2023-04-12 23:46:12", "elapsed": 0.0, "delta": 0.0}}
{"target": 0.0, "params": {"bs_r": 20.63269352184503, "lr_r": 6.2202822259773685, "m": 0.933498462376163}, "datetime": {"datetime": "2023-04-13 05:29:11", "elapsed": 20579.536274, "delta": 20579.536274}}
{"target": 0.0, "params": {"bs_r": 23.353739471042257, "lr_r": 6.1713090431837525, "m": 0.9018240051429243}, "datetime": {"datetime": "2023-04-13 11:25:30", "elapsed": 41957.896625, "delta": 21378.360351}}
{"target": 9.9, "params": {"bs_r": 19.839187641149824, "lr_r": 2.8146096439412656, "m": 0.9047814474598573}, "datetime": {"datetime": "2023-04-13 17:14:47", "elapsed": 62915.480837, "delta": 20957.584212}}
{"target": 7.62, "params": {"bs_r": 29.074635367656683, "lr_r": 3.8729398895705103, "m": 0.879409581613012}, "datetime": {"datetime": "2023-04-14 00:07:46", "elapsed": 87694.088833, "delta": 24778.607996}}
{"target": 0.0, "params": {"bs_r": 10.133713273520133, "lr_r": 6.6121903777069795, "m": 0.9477652972271596}, "datetime": {"datetime": "2023-04-14 05:58:20", "elapsed": 108728.576728, "delta": 21034.487895}}
{"target": 9.42, "params": {"bs_r": 59.90125615414588, "lr_r": 3.3472918887821153, "m": 0.8502590228508923}, "datetime": {"datetime": "2023-04-14 13:54:27", "elapsed": 137295.203975, "delta": 28566.627247}}
{"target": 13.14, "params": {"bs_r": 2.206260384968235, "lr_r": 4.696075214847079, "m": 0.8779169131918126}, "datetime": {"datetime": "2023-04-15 01:16:25", "elapsed": 178213.622409, "delta": 40918.418434}}
{"target": 14.03, "params": {"bs_r": 50.81540978184041, "lr_r": 3.3844099878421305, "m": 0.8940531959115566}, "datetime": {"datetime": "2023-04-15 08:27:01", "elapsed": 204049.764899, "delta": 25836.14249}}
{"target": 8.91, "params": {"bs_r": 39.60257619614169, "lr_r": 2.6385251318609066, "m": 0.91876954170537}, "datetime": {"datetime": "2023-04-15 15:56:34", "elapsed": 231021.991904, "delta": 26972.227005}}
{"target": 0.08, "params": {"bs_r": 35.09765936545905, "lr_r": 5.4755983619844795, "m": 0.9225349361200447}, "datetime": {"datetime": "2023-04-15 22:53:20", "elapsed": 256028.099813, "delta": 25006.107909}}
{"target": 0.28, "params": {"bs_r": 40.072822723974504, "lr_r": 2.1494824713148803, "m": 0.891078163035927}, "datetime": {"datetime": "2023-04-16 06:42:06", "elapsed": 284154.52726, "delta": 28126.427447}}
{"target": 0.0, "params": {"bs_r": 58.1704844040139, "lr_r": 1.0369894717270485, "m": 0.9085394253084529}, "datetime": {"datetime": "2023-04-16 14:20:58", "elapsed": 311686.35869, "delta": 27531.83143}}
{"target": 0.04, "params": {"bs_r": 36.20065330426715, "lr_r": 5.369698865344867, "m": 0.8918338398388135}, "datetime": {"datetime": "2023-04-16 21:23:18", "elapsed": 337026.362014, "delta": 25340.003324}}
{"target": 3.06, "params": {"bs_r": 27.49205207286975, "lr_r": 4.413611928579235, "m": 0.885668737885905}, "datetime": {"datetime": "2023-04-17 03:28:49", "elapsed": 358957.323064, "delta": 21930.96105}}
{"target": 0.33, "params": {"bs_r": 48.40676317469855, "lr_r": 4.634804988155622, "m": 0.8554667068083734}, "datetime": {"datetime": "2023-04-17 10:36:57", "elapsed": 384645.259878, "delta": 25687.936814}}
{"target": 8.61, "params": {"bs_r": 55.386780207232825, "lr_r": 3.8201685723703136, "m": 0.8739337512300719}, "datetime": {"datetime": "2023-04-17 17:55:17", "elapsed": 410944.884248, "delta": 26299.62437}}
{"target": 7.71, "params": {"bs_r": 8.523802465077619, "lr_r": 2.957591826870024, "m": 0.8990809650419975}, "datetime": {"datetime": "2023-04-17 23:35:13", "elapsed": 431341.034769, "delta": 20396.150521}}
{"target": 0.0, "params": {"bs_r": 25.67888841981885, "lr_r": 1.6309554766451921, "m": 0.886406172387775}, "datetime": {"datetime": "2023-04-18 05:31:32", "elapsed": 452719.903733, "delta": 21378.868964}}
{"target": 1.45, "params": {"bs_r": 61.15432306221751, "lr_r": 2.37199934752309, "m": 0.9052889352173357}, "datetime": {"datetime": "2023-04-18 13:32:41", "elapsed": 481589.618647, "delta": 28869.714914}}
{"target": 0.7, "params": {"bs_r": 36.16244343593701, "lr_r": 3.234907091058096, "m": 0.8758113563370302}, "datetime": {"datetime": "2023-04-18 17:08:53", "elapsed": 494561.577439, "delta": 12971.958792}}
{"target": 0.78, "params": {"bs_r": 25.685169214763345, "lr_r": 3.841865252220841, "m": 0.859064247712341}, "datetime": {"datetime": "2023-04-18 20:47:02", "elapsed": 507650.778639, "delta": 13089.2012}}
{"target": 0.0, "params": {"bs_r": 31.63612767632799, "lr_r": 6.976718617973031, "m": 0.9113431941292468}, "datetime": {"datetime": "2023-04-19 00:22:24", "elapsed": 520572.283787, "delta": 12921.505148}}
{"target": 0.0, "params": {"bs_r": 4.835534573554956, "lr_r": 6.485877987059184, "m": 0.9270191175747144}, "datetime": {"datetime": "2023-04-19 04:34:54", "elapsed": 535721.997946, "delta": 15149.714159}}
{"target": 0.0, "params": {"bs_r": 16.65184819887778, "lr_r": 1.8799906589857962, "m": 0.9230822045568485}, "datetime": {"datetime": "2023-04-19 08:15:18", "elapsed": 548946.127919, "delta": 13224.129973}}
{"target": 0.0, "params": {"bs_r": 3.4081178563810894, "lr_r": 1.763278139999973, "m": 0.8779660269302567}, "datetime": {"datetime": "2023-04-19 12:58:35", "elapsed": 565943.309684, "delta": 16997.181765}}
{"target": 0.0, "params": {"bs_r": 10.136356245294094, "lr_r": 6.423703052101562, "m": 0.9238309016838878}, "datetime": {"datetime": "2023-04-19 16:49:49", "elapsed": 579816.972459, "delta": 13873.662775}}
{"target": 1.16, "params": {"bs_r": 38.04175221925508, "lr_r": 3.1882954113603015, "m": 0.9068496861121115}, "datetime": {"datetime": "2023-04-19 20:26:37", "elapsed": 592825.256413, "delta": 13008.283954}}
{"target": 0.0, "params": {"bs_r": 7.029506932958691, "lr_r": 1.2708482146279736, "m": 0.9338176464607981}, "datetime": {"datetime": "2023-04-20 00:26:19", "elapsed": 607207.025515, "delta": 14381.769102}}
{"target": 0.15, "params": {"bs_r": 13.946108677654584, "lr_r": 2.403759649963397, "m": 0.8580733673143978}, "datetime": {"datetime": "2023-04-20 04:13:16", "elapsed": 620824.074535, "delta": 13617.04902}}
{"target": 0.0, "params": {"bs_r": 53.21531554407455, "lr_r": 6.320310820118994, "m": 0.8683055164339515}, "datetime": {"datetime": "2023-04-20 07:50:14", "elapsed": 633842.598129, "delta": 13018.523594}}
{"target": 0.93, "params": {"bs_r": 31.00945959324008, "lr_r": 3.387375387964653, "m": 0.8909762440737646}, "datetime": {"datetime": "2023-04-20 11:28:42", "elapsed": 646949.939059, "delta": 13107.34093}}
{"target": 0.0, "params": {"bs_r": 33.85846475261118, "lr_r": 5.983332007263764, "m": 0.9305645793170172}, "datetime": {"datetime": "2023-04-20 17:48:18", "elapsed": 669725.874629, "delta": 22775.93557}}
{"target": 0.0, "params": {"bs_r": 23.09553896640126, "lr_r": 1.7662547399677802, "m": 0.9489359261637358}, "datetime": {"datetime": "2023-04-20 23:42:21", "elapsed": 690969.642941, "delta": 21243.768312}}
{"target": 13.28, "params": {"bs_r": 19.378515951298034, "lr_r": 3.0472851357573916, "m": 0.8965792656856982}, "datetime": {"datetime": "2023-04-21 05:21:45", "elapsed": 711333.099924, "delta": 20363.456983}}
{"target": 0.0, "params": {"bs_r": 58.89795257510985, "lr_r": 1.7156133320586036, "m": 0.8835112767060193}, "datetime": {"datetime": "2023-04-21 13:05:06", "elapsed": 739134.505048, "delta": 27801.405124}}
{"target": 9.1, "params": {"bs_r": 33.28010129523973, "lr_r": 2.644080601562689, "m": 0.9466499688193819}, "datetime": {"datetime": "2023-04-21 19:58:02", "elapsed": 763910.455519, "delta": 24775.950471}}
{"target": 0.0, "params": {"bs_r": 8.48268828919196, "lr_r": 6.914495945425575, "m": 0.9055039235318895}, "datetime": {"datetime": "2023-04-22 01:48:47", "elapsed": 784955.76677, "delta": 21045.311251}}
{"target": 2.45, "params": {"bs_r": 5.239156179685554, "lr_r": 2.9899903681602904, "m": 0.8943493014955036}, "datetime": {"datetime": "2023-04-22 08:32:13", "elapsed": 809160.898727, "delta": 24205.131957}}
{"target": 0.64, "params": {"bs_r": 48.75850602740981, "lr_r": 2.0647264404293963, "m": 0.9081879053156213}, "datetime": {"datetime": "2023-04-22 16:07:54", "elapsed": 836502.148124, "delta": 27341.249397}}
{"target": 0.13, "params": {"bs_r": 53.446170474624495, "lr_r": 4.9615729880643595, "m": 0.9250196352120157}, "datetime": {"datetime": "2023-04-22 23:32:20", "elapsed": 863168.4503, "delta": 26666.302176}}
{"target": 15.13, "params": {"bs_r": 46.655934160885536, "lr_r": 2.9834943239295963, "m": 0.95}, "datetime": {"datetime": "2023-04-23 06:58:48", "elapsed": 889956.31603, "delta": 26787.86573}}
{"target": 2.23, "params": {"bs_r": 36.77862125244667, "lr_r": 4.060659834591016, "m": 0.95}, "datetime": {"datetime": "2023-04-23 14:10:47", "elapsed": 915875.517959, "delta": 25919.201929}}
{"target": 0.0, "params": {"bs_r": 25.66374145102966, "lr_r": 2.08426567883909, "m": 0.8981333588722495}, "datetime": {"datetime": "2023-04-23 20:02:09", "elapsed": 936957.535799, "delta": 21082.01784}}
{"target": 15.49, "params": {"bs_r": 46.97641584199475, "lr_r": 3.109263079086875, "m": 0.9352064967988101}, "datetime": {"datetime": "2023-04-24 03:21:53", "elapsed": 963341.664382, "delta": 26384.128583}}
{"target": 13.92, "params": {"bs_r": 2.212295010911359, "lr_r": 4.71032206661083, "m": 0.8917963659257674}, "datetime": {"datetime": "2023-04-24 14:44:21", "elapsed": 1004289.714897, "delta": 40948.050515}}
{"target": 6.44, "params": {"bs_r": 2.293715816334278, "lr_r": 4.931486613210455, "m": 0.9277073838265149}, "datetime": {"datetime": "2023-04-25 02:03:35", "elapsed": 1045043.765629, "delta": 40754.050732}}
{"target": 14.08, "params": {"bs_r": 46.805074255053384, "lr_r": 3.1954606427645573, "m": 0.8795100932100911}, "datetime": {"datetime": "2023-04-25 09:20:53", "elapsed": 1071280.937804, "delta": 26237.172175}}
{"target": 14.49, "params": {"bs_r": 46.59299221590314, "lr_r": 3.2271282106210677, "m": 0.9399496934972974}, "datetime": {"datetime": "2023-04-25 16:59:48", "elapsed": 1098816.211143, "delta": 27535.273339}}
{"target": 14.01, "params": {"bs_r": 46.89441125467083, "lr_r": 2.893816464328629, "m": 0.95}, "datetime": {"datetime": "2023-04-26 00:13:25", "elapsed": 1124833.504761, "delta": 26017.293618}}
{"target": 0.0, "params": {"bs_r": 21.63623801097266, "lr_r": 6.995534592889339, "m": 0.9226593434761116}, "datetime": {"datetime": "2023-04-26 06:08:21", "elapsed": 1146129.481585, "delta": 21295.976824}}
{"target": 11.75, "params": {"bs_r": 47.002483921083794, "lr_r": 3.4990156638804013, "m": 0.9202904563370778}, "datetime": {"datetime": "2023-04-26 13:42:25", "elapsed": 1173373.441992, "delta": 27243.960407}}
{"target": 6.57, "params": {"bs_r": 46.681126297142704, "lr_r": 3.6187956291359713, "m": 0.9103875099619314}, "datetime": {"datetime": "2023-04-26 20:49:11", "elapsed": 1198978.848494, "delta": 25605.406502}}
{"target": 14.76, "params": {"bs_r": 51.692355903599235, "lr_r": 3.540986286601586, "m": 0.8856590133402145}, "datetime": {"datetime": "2023-04-27 04:16:24", "elapsed": 1225812.30156, "delta": 26833.453066}}
{"target": 15.58, "params": {"bs_r": 51.3972344659163, "lr_r": 3.4882941024993643, "m": 0.8884841142414611}, "datetime": {"datetime": "2023-04-27 11:27:04", "elapsed": 1251652.638682, "delta": 25840.337122}}
{"target": 13.12, "params": {"bs_r": 51.109356534762355, "lr_r": 3.4327598496679084, "m": 0.8594757968966577}, "datetime": {"datetime": "2023-04-27 19:01:32", "elapsed": 1278920.798512, "delta": 27268.15983}}
{"target": 0.16, "params": {"bs_r": 54.95943674345842, "lr_r": 2.0116371680821707, "m": 0.9024589858781086}, "datetime": {"datetime": "2023-04-28 02:36:32", "elapsed": 1306220.683097, "delta": 27299.884585}}
{"target": 14.7, "params": {"bs_r": 51.55648361201194, "lr_r": 3.2651889520006936, "m": 0.85}, "datetime": {"datetime": "2023-04-28 10:03:40", "elapsed": 1333048.459943, "delta": 26827.776846}}
{"target": 6.24, "params": {"bs_r": 51.320451535924285, "lr_r": 3.805913986856308, "m": 0.9011303460832302}, "datetime": {"datetime": "2023-04-28 17:25:20", "elapsed": 1359548.602677, "delta": 26500.142734}}
{"target": 8.36, "params": {"bs_r": 29.093238786870124, "lr_r": 3.87430035242903, "m": 0.8840329928552758}, "datetime": {"datetime": "2023-04-28 23:50:44", "elapsed": 1382672.437285, "delta": 23123.834608}}
{"target": 15.54, "params": {"bs_r": 51.05607001531395, "lr_r": 3.1625502547234614, "m": 0.9220650357403496}, "datetime": {"datetime": "2023-04-29 06:49:57", "elapsed": 1407825.464351, "delta": 25153.027066}}
{"target": 14.59, "params": {"bs_r": 51.317011656429905, "lr_r": 3.2186861130646847, "m": 0.95}, "datetime": {"datetime": "2023-04-29 14:03:51", "elapsed": 1433859.481484, "delta": 26034.017133}}
{"target": 15.04, "params": {"bs_r": 47.35492029584082, "lr_r": 3.0342984611918684, "m": 0.8662246597120117}, "datetime": {"datetime": "2023-04-29 21:38:16", "elapsed": 1461124.689129, "delta": 27265.207645}}
{"target": 13.83, "params": {"bs_r": 50.9103475719956, "lr_r": 2.8855726809255042, "m": 0.9140893614421564}, "datetime": {"datetime": "2023-04-30 05:08:56", "elapsed": 1488164.096802, "delta": 27039.407673}}
{"target": 12.29, "params": {"bs_r": 60.64568514509286, "lr_r": 2.9392634407364318, "m": 0.9251317658783413}, "datetime": {"datetime": "2023-04-30 13:03:40", "elapsed": 1516648.484712, "delta": 28484.38791}}
{"target": 14.41, "params": {"bs_r": 50.63720636629084, "lr_r": 3.089851555558226, "m": 0.85}, "datetime": {"datetime": "2023-04-30 20:26:04", "elapsed": 1543192.454278, "delta": 26543.969566}}
{"target": 14.42, "params": {"bs_r": 47.323541118285405, "lr_r": 3.3023082412197677, "m": 0.861223873491469}, "datetime": {"datetime": "2023-05-01 03:33:07", "elapsed": 1568815.624842, "delta": 25623.170564}}
{"target": 0.0, "params": {"bs_r": 9.653404265404925, "lr_r": 6.570269734470962, "m": 0.8578215359762521}, "datetime": {"datetime": "2023-05-01 09:23:07", "elapsed": 1589814.840489, "delta": 20999.215647}}
{"target": 9.77, "params": {"bs_r": 29.553658592352576, "lr_r": 3.9110511474133878, "m": 0.95}, "datetime": {"datetime": "2023-05-01 16:09:30", "elapsed": 1614198.111735, "delta": 24383.271246}}
{"target": 15.23, "params": {"bs_r": 47.67322657621508, "lr_r": 3.166245636594426, "m": 0.9475354358678414}, "datetime": {"datetime": "2023-05-01 23:21:03", "elapsed": 1640091.289998, "delta": 25893.178263}}
{"target": 11.34, "params": {"bs_r": 47.684858592746586, "lr_r": 2.655173534038215, "m": 0.9369852434221835}, "datetime": {"datetime": "2023-05-02 06:34:37", "elapsed": 1666104.87494, "delta": 26013.584942}}
{"target": 0.0, "params": {"bs_r": 26.170145630898617, "lr_r": 6.952416379327081, "m": 0.8837073896849486}, "datetime": {"datetime": "2023-05-02 12:40:14", "elapsed": 1688042.28142, "delta": 21937.40648}}
{"target": 9.09, "params": {"bs_r": 47.69447557204211, "lr_r": 3.55630688632504, "m": 0.9269095606151979}, "datetime": {"datetime": "2023-05-03 08:41:02", "elapsed": 1760090.410658, "delta": 72048.129238}}
