{"target": 0.0, "params": {"bs_r": 52.93933446389637, "lr_r": 5.842604552742856, "m": 0.9294760529101643}, "datetime": {"datetime": "2023-04-04 22:51:16", "elapsed": 0.0, "delta": 0.0}}
{"target": 0.0, "params": {"bs_r": 40.486163965212164, "lr_r": 1.7885182812055938, "m": 0.8910420317796154}, "datetime": {"datetime": "2023-04-05 06:57:17", "elapsed": 29161.146139, "delta": 29161.146139}}
{"target": 0.0, "params": {"bs_r": 14.76039799716964, "lr_r": 1.6879046580695023, "m": 0.9493848255756673}, "datetime": {"datetime": "2023-04-05 12:37:23", "elapsed": 49566.996268, "delta": 20405.850129}}
{"target": 0.0, "params": {"bs_r": 42.536427128715204, "lr_r": 6.573042180526041, "m": 0.9393136314202466}, "datetime": {"datetime": "2023-04-05 22:52:53", "elapsed": 86496.963815, "delta": 36929.967547}}
{"target": 8.22, "params": {"bs_r": 59.288821572862034, "lr_r": 3.416135631505863, "m": 0.8956758332470326}, "datetime": {"datetime": "2023-04-06 12:40:29", "elapsed": 136153.66283, "delta": 49656.699015}}
{"target": 6.83, "params": {"bs_r": 17.477032221763658, "lr_r": 4.260309276815349, "m": 0.8655003566994804}, "datetime": {"datetime": "2023-04-06 23:26:40", "elapsed": 174924.348409, "delta": 38770.685579}}
{"target": 13.99, "params": {"bs_r": 36.50677416086139, "lr_r": 3.6853276419863246, "m": 0.9246745185965357}, "datetime": {"datetime": "2023-04-07 11:34:24", "elapsed": 218588.542062, "delta": 43664.193653}}
{"target": 0.05, "params": {"bs_r": 8.036498782938594, "lr_r": 5.975008797152598, "m": 0.9395906232039436}, "datetime": {"datetime": "2023-04-07 23:31:16", "elapsed": 261600.034344, "delta": 43011.492282}}
{"target": 3.6, "params": {"bs_r": 49.88427863656608, "lr_r": 2.1890902349842367, "m": 0.927806336587841}, "datetime": {"datetime": "2023-04-08 12:34:04", "elapsed": 308568.601323, "delta": 46968.566979}}
{"target": 0.18, "params": {"bs_r": 4.736999424985358, "lr_r": 5.444183694993529, "m": 0.9044597963064483}, "datetime": {"datetime": "2023-04-09 02:22:39", "elapsed": 358283.11323, "delta": 49714.511907}}
{"target": 15.76, "params": {"bs_r": 46.75256520219679, "lr_r": 3.338567285005322, "m": 0.9344007369957045}, "datetime": {"datetime": "2023-04-09 15:27:39", "elapsed": 405382.857656, "delta": 47099.744426}}
{"target": 0.0, "params": {"bs_r": 14.874376156725983, "lr_r": 2.097166063259876, "m": 0.8837468397705057}, "datetime": {"datetime": "2023-04-10 02:24:20", "elapsed": 444784.701552, "delta": 39401.843896}}
{"target": 0.11, "params": {"bs_r": 20.724359847094057, "lr_r": 5.117017844162333, "m": 0.8578467737213015}, "datetime": {"datetime": "2023-04-10 13:35:07", "elapsed": 485031.239638, "delta": 40246.538086}}
{"target": 0.0, "params": {"bs_r": 26.109012640661444, "lr_r": 6.43982184234258, "m": 0.9336558043214109}, "datetime": {"datetime": "2023-04-11 00:51:41", "elapsed": 525625.240742, "delta": 40594.001104}}
{"target": 0.2, "params": {"bs_r": 46.41066568461966, "lr_r": 4.9076616818178795, "m": 0.8666789055650324}, "datetime": {"datetime": "2023-04-11 13:55:26", "elapsed": 572649.863594, "delta": 47024.622852}}
{"target": 5.93, "params": {"bs_r": 19.162993379156717, "lr_r": 4.3630888262334695, "m": 0.8770987619230743}, "datetime": {"datetime": "2023-04-12 00:57:09", "elapsed": 612353.389727, "delta": 39703.526133}}
{"target": 6.16, "params": {"bs_r": 58.11707661149591, "lr_r": 3.8643030535855196, "m": 0.8757163831460721}, "datetime": {"datetime": "2023-04-12 14:51:16", "elapsed": 662399.912498, "delta": 50046.522771}}
